

##############################################################################
[2018-03-15 17:35:19.403041]:  requesting from SF city web page - http://sfbos.org/legislation-introduced
##############################################################################
[2018-03-15 17:36:01.879757]:  wrote LI031318.pdf to file
[2018-03-15 17:36:01.879953]:  wrote LI030618.pdf to file
[2018-03-15 17:36:01.880115]:  wrote LI022718.pdf to file
[2018-03-15 17:36:01.880250]:  wrote LI021318.pdf to file
[2018-03-15 17:36:01.880384]:  wrote LI020618.pdf to file
[2018-03-15 17:36:01.880515]:  wrote LI013018.pdf to file
[2018-03-15 17:36:01.880652]:  wrote LI012318.pdf to file
[2018-03-15 17:36:01.880831]:  wrote LI010918.pdf to file


##############################################################################
[2018-04-02 11:47:50.625557]:  requesting from SF city web page - http://sfbos.org/legislation-introduced
##############################################################################
[2018-04-02 11:47:58.934331]:  file LI031318.pdf has already been scraped
[2018-04-02 11:47:58.934379]:  file LI030618.pdf has already been scraped
[2018-04-02 11:47:58.934392]:  file LI022718.pdf has already been scraped
[2018-04-02 11:47:58.934406]:  file LI021318.pdf has already been scraped
[2018-04-02 11:47:58.934418]:  file LI020618.pdf has already been scraped
[2018-04-02 11:47:58.934429]:  file LI013018.pdf has already been scraped
[2018-04-02 11:47:58.934440]:  file LI012318.pdf has already been scraped
[2018-04-02 11:47:58.934450]:  file LI010918.pdf has already been scraped
[2018-04-02 11:47:58.934665]:  wrote LI032018.pdf to file


##############################################################################
[2018-04-02 11:56:07.018198]:  requesting from SF city web page - http://sfbos.org/legislation-introduced
##############################################################################
[2018-04-02 11:56:09.031159]:  file LI032018.pdf has already been scraped
[2018-04-02 11:56:09.031185]:  file LI031318.pdf has already been scraped
[2018-04-02 11:56:09.031196]:  file LI030618.pdf has already been scraped
[2018-04-02 11:56:09.031206]:  file LI022718.pdf has already been scraped
[2018-04-02 11:56:09.031215]:  file LI021318.pdf has already been scraped
[2018-04-02 11:56:09.031223]:  file LI020618.pdf has already been scraped
[2018-04-02 11:56:09.031232]:  file LI013018.pdf has already been scraped
[2018-04-02 11:56:09.031241]:  file LI012318.pdf has already been scraped
[2018-04-02 11:56:09.031249]:  file LI010918.pdf has already been scraped
[2018-04-02 11:56:09.031301]:  no new PDF documents to parse


##############################################################################
[2018-04-02 11:56:42.473070]:  requesting from SF city web page - http://sfbos.org/legislation-introduced
##############################################################################
[2018-04-02 11:56:44.467641]:  file LI032018.pdf has already been scraped
[2018-04-02 11:56:44.467672]:  file LI031318.pdf has already been scraped
[2018-04-02 11:56:44.467688]:  file LI030618.pdf has already been scraped
[2018-04-02 11:56:44.467703]:  file LI022718.pdf has already been scraped
[2018-04-02 11:56:44.467717]:  file LI021318.pdf has already been scraped
[2018-04-02 11:56:44.467732]:  file LI020618.pdf has already been scraped
[2018-04-02 11:56:44.467746]:  file LI013018.pdf has already been scraped
[2018-04-02 11:56:44.467760]:  file LI012318.pdf has already been scraped
[2018-04-02 11:56:44.467775]:  file LI010918.pdf has already been scraped
[2018-04-02 11:56:44.467848]:  no new PDF documents to parse


##############################################################################
[2018-04-02 11:57:00.461138]:  requesting from SF city web page - http://sfbos.org/legislation-introduced
##############################################################################
[2018-04-02 11:57:02.430000]:  file LI032018.pdf has already been scraped
[2018-04-02 11:57:02.430032]:  file LI031318.pdf has already been scraped
[2018-04-02 11:57:02.430052]:  file LI030618.pdf has already been scraped
[2018-04-02 11:57:02.430060]:  file LI022718.pdf has already been scraped
[2018-04-02 11:57:02.430069]:  file LI021318.pdf has already been scraped
[2018-04-02 11:57:02.430077]:  file LI020618.pdf has already been scraped
[2018-04-02 11:57:02.430086]:  file LI013018.pdf has already been scraped
[2018-04-02 11:57:02.430094]:  file LI012318.pdf has already been scraped
[2018-04-02 11:57:02.430102]:  file LI010918.pdf has already been scraped
[2018-04-02 11:57:02.430152]:  no new PDF documents to parse


##############################################################################
[2018-05-02 14:55:07.723962]:  requesting from SF city web page - http://sfbos.org/legislation-introduced
##############################################################################
[2018-05-02 14:55:25.785673]:  wrote LI042418.pdf to file
[2018-05-02 14:55:25.785879]:  wrote LI041718.pdf to file
[2018-05-02 14:55:25.786040]:  wrote LI041018.pdf to file
[2018-05-02 14:55:25.786210]:  wrote LI040318.pdf to file
[2018-05-02 14:55:25.786356]:  wrote LI032018.pdf to file
[2018-05-02 14:55:25.786499]:  wrote LI031318.pdf to file
[2018-05-02 14:55:25.786632]:  wrote LI030618.pdf to file
[2018-05-02 14:55:25.786777]:  wrote LI022718.pdf to file
[2018-05-02 14:55:25.786917]:  wrote LI021318.pdf to file
[2018-05-02 14:55:25.787057]:  wrote LI020618.pdf to file
[2018-05-02 14:55:25.787188]:  wrote LI013018.pdf to file
[2018-05-02 14:55:25.787319]:  wrote LI012318.pdf to file
[2018-05-02 14:55:25.787509]:  wrote LI010918.pdf to file


##############################################################################
[2018-05-02 14:56:34.696412]:  requesting from SF city web page - http://sfbos.org/legislation-introduced
##############################################################################
[2018-05-02 14:56:36.693338]:  file LI042418.pdf has already been scraped
[2018-05-02 14:56:36.693394]:  file LI041718.pdf has already been scraped
[2018-05-02 14:56:36.693420]:  file LI041018.pdf has already been scraped
[2018-05-02 14:56:36.693432]:  file LI040318.pdf has already been scraped
[2018-05-02 14:56:36.693443]:  file LI032018.pdf has already been scraped
[2018-05-02 14:56:36.693455]:  file LI031318.pdf has already been scraped
[2018-05-02 14:56:36.693466]:  file LI030618.pdf has already been scraped
[2018-05-02 14:56:36.693478]:  file LI022718.pdf has already been scraped
[2018-05-02 14:56:36.693492]:  file LI021318.pdf has already been scraped
[2018-05-02 14:56:36.693513]:  file LI020618.pdf has already been scraped
[2018-05-02 14:56:36.693532]:  file LI013018.pdf has already been scraped
[2018-05-02 14:56:36.693544]:  file LI012318.pdf has already been scraped
[2018-05-02 14:56:36.693556]:  file LI010918.pdf has already been scraped
[2018-05-02 14:56:36.693612]:  no new PDF documents to parse


##############################################################################
[2018-05-02 14:56:49.131744]:  requesting from SF city web page - http://sfbos.org/legislation-introduced
##############################################################################
[2018-05-02 14:57:10.388296]:  wrote LI042418.pdf to file
[2018-05-02 14:57:10.388478]:  wrote LI041718.pdf to file
[2018-05-02 14:57:10.388623]:  wrote LI041018.pdf to file
[2018-05-02 14:57:10.388781]:  wrote LI040318.pdf to file
[2018-05-02 14:57:10.388938]:  wrote LI032018.pdf to file
[2018-05-02 14:57:10.389088]:  wrote LI031318.pdf to file
[2018-05-02 14:57:10.389235]:  wrote LI030618.pdf to file
[2018-05-02 14:57:10.389397]:  wrote LI022718.pdf to file
[2018-05-02 14:57:10.389546]:  wrote LI021318.pdf to file
[2018-05-02 14:57:10.389668]:  wrote LI020618.pdf to file
[2018-05-02 14:57:10.389788]:  wrote LI013018.pdf to file
[2018-05-02 14:57:10.389917]:  wrote LI012318.pdf to file
[2018-05-02 14:57:10.390101]:  wrote LI010918.pdf to file
